[2025-04-27 14:21:23] local.DEBUG: LoginRequest Data: {"_token":"D39088ZGk2AXLogZNk4gqMgXiidHe7RB7Nphp1oE","school_username":"schoolududdy123","password":"123456"} 
[2025-04-27 14:21:23] local.DEBUG: Attempting authentication for username: schoolududdy123  
[2025-04-27 14:21:24] local.DEBUG: Authentication successful for username: schoolududdy123  
[2025-04-27 14:21:24] local.DEBUG: Session data before regenerate: to1vdiiqqQ8WptBKMK5HwX5rHfiUjkVKZ1fIRp1v  
[2025-04-27 14:21:24] local.DEBUG: Session data after regenerate: GZLTN5heJkOe5PJcYRjnFkSi6WyPPeUCQpLlDNnX  
[2025-04-27 14:23:26] local.DEBUG: Attempting authentication for username: schoolududdy123  
[2025-04-27 14:23:27] local.DEBUG: Authentication successful for username: schoolududdy123  
[2025-04-27 14:23:27] local.DEBUG: Authenticated user ID: schoolududdy123  
[2025-04-27 14:23:27] local.DEBUG: User is authenticated  
[2025-04-27 14:24:08] local.DEBUG: Attempting authentication for username: schoolududdy123  
[2025-04-27 14:24:09] local.DEBUG: Authentication successful for username: schoolududdy123  
[2025-04-27 14:24:09] local.DEBUG: Authenticated user ID: schoolududdy123  
[2025-04-27 14:24:09] local.DEBUG: User is authenticated  
[2025-04-27 14:37:35] local.DEBUG: Attempting authentication for username: ubuddyadmin_123  
[2025-04-27 14:37:35] local.DEBUG: Authentication failed for username: ubuddyadmin_123  
[2025-04-27 14:37:43] local.DEBUG: Attempting authentication for username: ubuddyadmin_123  
[2025-04-27 14:37:43] local.DEBUG: Authentication failed for username: ubuddyadmin_123  
[2025-04-27 14:37:54] local.DEBUG: Attempting authentication for username: schoolududdy123  
[2025-04-27 14:37:54] local.DEBUG: Authentication successful for username: schoolududdy123  
[2025-04-27 14:37:54] local.DEBUG: Authenticated user ID: 1  
[2025-04-27 14:37:54] local.DEBUG: User with ID 1 is authenticated and has status: 1  
[2025-04-27 14:38:13] local.DEBUG: Attempting authentication for username: schoolududdy123  
[2025-04-27 14:38:13] local.DEBUG: Authentication successful for username: schoolududdy123  
[2025-04-27 14:38:13] local.DEBUG: Authenticated user ID: 1  
[2025-04-27 14:38:13] local.DEBUG: Unauthorized access attempt for user: 1  
[2025-04-27 14:39:10] local.DEBUG: Attempting authentication for username: schoolududdy123  
[2025-04-27 14:39:10] local.DEBUG: Authentication successful for username: schoolududdy123  
[2025-04-27 14:39:10] local.DEBUG: Authenticated user ID: 1  
[2025-04-27 14:39:10] local.DEBUG: Unauthorized access attempt for user: 1  
[2025-04-27 14:48:48] local.DEBUG: Attempting authentication for username: nch-school4882  
[2025-04-27 14:48:48] local.DEBUG: Authentication successful for username: nch-school4882  
[2025-04-27 14:49:00] local.DEBUG: Attempting authentication for username: schoolududdy123  
[2025-04-27 14:49:01] local.DEBUG: Authentication successful for username: schoolududdy123  
[2025-04-27 14:50:49] local.DEBUG: Attempting authentication for username: ubuddyadmin_123  
[2025-04-27 14:50:50] local.DEBUG: Authentication failed for username: ubuddyadmin_123  
[2025-04-27 14:51:03] local.DEBUG: Attempting authentication for username: ubuddyadmin_123  
[2025-04-27 14:51:03] local.DEBUG: Authentication failed for username: ubuddyadmin_123  
[2025-04-27 14:59:13] local.DEBUG: Attempting authentication for username: schoolududdy123  
[2025-04-27 14:59:14] local.DEBUG: Authentication successful for username: schoolududdy123  
[2025-04-27 14:59:31] local.DEBUG: Attempting authentication for username: schoolududdy123  
[2025-04-27 14:59:31] local.DEBUG: Authentication successful for username: schoolududdy123  
